<?xml version="1.0" encoding="UTF-8"?>
<robot generator="Robot 7.4.1 (Python 3.11.9 on win32)" generated="2026-01-27T00:26:54.219533" rpa="false" schemaversion="5">
<suite id="s1" name="POST" source="C:\Users\91790\PycharmProjects\WiproRobotFramework\API\POST.robot">
<test id="s1-t1" name="Verify post request" line="9">
<kw name="Create Session" owner="RequestsLibrary">
<msg time="2026-01-27T00:26:54.440303" level="INFO">Creating Session using : alias=postreq, url=https://api.restful-api.dev/, headers={},                     cookies={}, auth=None, timeout=None, proxies=None, verify=False,                     debug=0 </msg>
<arg>postreq</arg>
<arg>${BASE_URL}</arg>
<doc>Create Session: create a HTTP session to a server</doc>
<status status="PASS" start="2026-01-27T00:26:54.440303" elapsed="0.000000"/>
</kw>
<kw name="Create Dictionary" owner="BuiltIn">
<msg time="2026-01-27T00:26:54.461661" level="INFO">${data} = {'year': '2019', 'price': '1849.99', 'CPU model': 'Intel Core i9', 'Hard disk size': '1 TB'}</msg>
<var>${data}</var>
<arg>year=2019</arg>
<arg>price=1849.99</arg>
<arg>CPU model=Intel Core i9</arg>
<arg>Hard disk size=1 TB</arg>
<doc>Creates and returns a dictionary based on the given ``items``.</doc>
<status status="PASS" start="2026-01-27T00:26:54.440303" elapsed="0.021358"/>
</kw>
<kw name="Create Dictionary" owner="BuiltIn">
<msg time="2026-01-27T00:26:54.463669" level="INFO">${product} = {'name': 'Apple MacBook Pro 16', 'data': {'year': '2019', 'price': '1849.99', 'CPU model': 'Intel Core i9', 'Hard disk size': '1 TB'}}</msg>
<var>${product}</var>
<arg>name=Apple MacBook Pro 16</arg>
<arg>data=${data}</arg>
<doc>Creates and returns a dictionary based on the given ``items``.</doc>
<status status="PASS" start="2026-01-27T00:26:54.463669" elapsed="0.000000"/>
</kw>
<kw name="Create Dictionary" owner="BuiltIn">
<msg time="2026-01-27T00:26:54.463669" level="INFO">${headers} = {'Content-Type': 'application/json'}</msg>
<var>${headers}</var>
<arg>Content-Type=application/json</arg>
<doc>Creates and returns a dictionary based on the given ``items``.</doc>
<status status="PASS" start="2026-01-27T00:26:54.463669" elapsed="0.000000"/>
</kw>
<kw name="POST On Session" owner="RequestsLibrary">
<msg time="2026-01-27T00:26:55.241880" level="INFO">POST Request : url=https://api.restful-api.dev/objects 
 path_url=/objects 
 headers={'User-Agent': 'python-requests/2.32.5', 'Accept-Encoding': 'gzip, deflate', 'Accept': '*/*', 'Connection': 'keep-alive', 'Content-Type': 'application/json', 'Content-Length': '134'} 
 body=b'{"name": "Apple MacBook Pro 16", "data": {"year": "2019", "price": "1849.99", "CPU model": "Intel Core i9", "Hard disk size": "1 TB"}}' 
 </msg>
<msg time="2026-01-27T00:26:55.241880" level="INFO">POST Response : url=https://api.restful-api.dev/objects 
 status=200, reason=OK 
 headers={'Date': 'Mon, 26 Jan 2026 18:56:55 GMT', 'Content-Type': 'application/json', 'Transfer-Encoding': 'chunked', 'Connection': 'keep-alive', 'Server': 'cloudflare', 'Nel': '{"report_to":"cf-nel","success_fraction":0.0,"max_age":604800}', 'Vary': 'Origin, Access-Control-Request-Method, Access-Control-Request-Headers', 'cf-cache-status': 'DYNAMIC', 'Report-To': '{"group":"cf-nel","max_age":604800,"endpoints":[{"url":"https://a.nel.cloudflare.com/report/v4?s=mZXUn2%2BZPLbh3t49DEyXvqUu9g%2FJi1PC4ZeDNyP6aMRMVKAssVUmqD8qlAtpxZDYM8qgf%2By8CKGiy3e2X6bRtE39%2F%2B%2Ff1zFZU7ukLWU8sX2o9yLcR2cCNWyPjadq6UE%3D"}]}', 'Content-Encoding': 'gzip', 'CF-RAY': '9c423ba7eeecc26f-MRS', 'alt-svc': 'h3=":443"; ma=86400'} 
 body={"id":"ff8081819782e69e019bfbaa85516a1d","name":"Apple MacBook Pro 16","createdAt":"2026-01-26T18:56:55.121+00:00","data":{"year":"2019","price":"1849.99","CPU model":"Intel Core i9","Hard disk size":"1 TB"}} 
 </msg>
<msg time="2026-01-27T00:26:55.241880" level="INFO">C:\Users\91790\PycharmProjects\WiproRobotFramework\.venv\Lib\site-packages\urllib3\connectionpool.py:1097: InsecureRequestWarning: Unverified HTTPS request is being made to host 'api.restful-api.dev'. Adding certificate verification is strongly advised. See: https://urllib3.readthedocs.io/en/latest/advanced-usage.html#tls-warnings
  warnings.warn(</msg>
<msg time="2026-01-27T00:26:55.251351" level="INFO">${response} = &lt;Response [200]&gt;</msg>
<var>${response}</var>
<arg>postreq</arg>
<arg>${ENDPOINT}</arg>
<arg>json=${product}</arg>
<arg>headers=${headers}</arg>
<doc>Sends a POST request on a previously created HTTP Session.</doc>
<status status="PASS" start="2026-01-27T00:26:54.463669" elapsed="0.787682"/>
</kw>
<kw name="Log" owner="BuiltIn">
<msg time="2026-01-27T00:26:55.255386" level="INFO">200</msg>
<arg>${response.status_code}</arg>
<doc>Logs the given message with the given level.</doc>
<status status="PASS" start="2026-01-27T00:26:55.253367" elapsed="0.002019"/>
</kw>
<kw name="Log" owner="BuiltIn">
<msg time="2026-01-27T00:26:55.255386" level="INFO">{"id":"ff8081819782e69e019bfbaa85516a1d","name":"Apple MacBook Pro 16","createdAt":"2026-01-26T18:56:55.121+00:00","data":{"year":"2019","price":"1849.99","CPU model":"Intel Core i9","Hard disk size":"1 TB"}}</msg>
<arg>${response.content}</arg>
<doc>Logs the given message with the given level.</doc>
<status status="PASS" start="2026-01-27T00:26:55.255386" elapsed="0.000000"/>
</kw>
<kw name="Should Be Equal As Numbers" owner="BuiltIn">
<msg time="2026-01-27T00:26:55.255386" level="INFO">Argument types are:
&lt;class 'int'&gt;
&lt;class 'str'&gt;</msg>
<arg>${response.status_code}</arg>
<arg>200</arg>
<doc>Fails if objects are unequal after converting them to real numbers.</doc>
<status status="PASS" start="2026-01-27T00:26:55.255386" elapsed="0.000000"/>
</kw>
<status status="PASS" start="2026-01-27T00:26:54.440303" elapsed="0.815083"/>
</test>
<status status="PASS" start="2026-01-27T00:26:54.219533" elapsed="1.035853"/>
</suite>
<statistics>
<total>
<stat pass="1" fail="0" skip="0">All Tests</stat>
</total>
<tag>
</tag>
<suite>
<stat name="POST" id="s1" pass="1" fail="0" skip="0">POST</stat>
</suite>
</statistics>
<errors>
</errors>
</robot>
